<?xml version="1.0" encoding="UTF-8"?>
<!-- Generated by org.testng.reporters.JUnitReportReporter -->
<testsuite hostname="LAPTOP-NA4EO4C0" failures="0" tests="1" name="TestRunner.TestRunner" time="28.165" errors="0" timestamp="2024-04-06T17:54:14 IST" skipped="0">
  <testcase classname="TestRunner.TestRunner" name="runScenario" time="28.165"/>
  <system-out/>
</testsuite> <!-- TestRunner.TestRunner -->
